{"C:\\Users\\10739\\Desktop\\explore-melbourne\\src\\components\\ErrorBoundary.tsx": {"path":"C:\\Users\\10739\\Desktop\\explore-melbourne\\src\\components\\ErrorBoundary.tsx","statementMap":{"0":{"start":{"line":14,"column":24},"end":{"line":17,"column":3}},"1":{"start":{"line":20,"column":4},"end":{"line":20,"column":37}},"2":{"start":{"line":24,"column":4},"end":{"line":24,"column":55}},"3":{"start":{"line":28,"column":4},"end":{"line":30,"column":5}},"4":{"start":{"line":29,"column":6},"end":{"line":29,"column":56}},"5":{"start":{"line":32,"column":4},"end":{"line":32,"column":31}},"6":{"start":{"line":36,"column":57},"end":{"line":62,"column":1}},"7":{"start":{"line":37,"column":16},"end":{"line":37,"column":29}},"8":{"start":{"line":39,"column":2},"end":{"line":61,"column":4}},"9":{"start":{"line":53,"column":27},"end":{"line":53,"column":51}}},"fnMap":{"0":{"name":"(anonymous_0)","decl":{"start":{"line":19,"column":2},"end":{"line":19,"column":3}},"loc":{"start":{"line":19,"column":62},"end":{"line":21,"column":3}},"line":19},"1":{"name":"(anonymous_1)","decl":{"start":{"line":23,"column":2},"end":{"line":23,"column":3}},"loc":{"start":{"line":23,"column":63},"end":{"line":25,"column":3}},"line":23},"2":{"name":"(anonymous_2)","decl":{"start":{"line":27,"column":2},"end":{"line":27,"column":3}},"loc":{"start":{"line":27,"column":18},"end":{"line":33,"column":3}},"line":27},"3":{"name":"(anonymous_3)","decl":{"start":{"line":36,"column":57},"end":{"line":36,"column":58}},"loc":{"start":{"line":36,"column":72},"end":{"line":62,"column":1}},"line":36},"4":{"name":"(anonymous_4)","decl":{"start":{"line":53,"column":21},"end":{"line":53,"column":22}},"loc":{"start":{"line":53,"column":27},"end":{"line":53,"column":51}},"line":53}},"branchMap":{"0":{"loc":{"start":{"line":28,"column":4},"end":{"line":30,"column":5}},"type":"if","locations":[{"start":{"line":28,"column":4},"end":{"line":30,"column":5}},{"start":{},"end":{}}],"line":28},"1":{"loc":{"start":{"line":46,"column":9},"end":{"line":50,"column":9}},"type":"binary-expr","locations":[{"start":{"line":46,"column":9},"end":{"line":46,"column":14}},{"start":{"line":47,"column":10},"end":{"line":49,"column":16}}],"line":46}},"s":{"0":0,"1":0,"2":0,"3":0,"4":0,"5":0,"6":0,"7":0,"8":0,"9":0},"f":{"0":0,"1":0,"2":0,"3":0,"4":0},"b":{"0":[0,0],"1":[0,0]}}
,"C:\\Users\\10739\\Desktop\\explore-melbourne\\src\\components\\FavoritesList.tsx": {"path":"C:\\Users\\10739\\Desktop\\explore-melbourne\\src\\components\\FavoritesList.tsx","statementMap":{"0":{"start":{"line":13,"column":52},"end":{"line":89,"column":1}},"1":{"start":{"line":18,"column":16},"end":{"line":18,"column":29}},"2":{"start":{"line":20,"column":23},"end":{"line":34,"column":3}},"3":{"start":{"line":21,"column":25},"end":{"line":32,"column":5}},"4":{"start":{"line":33,"column":4},"end":{"line":33,"column":20}},"5":{"start":{"line":36,"column":2},"end":{"line":88,"column":4}},"6":{"start":{"line":57,"column":16},"end":{"line":81,"column":29}},"7":{"start":{"line":66,"column":35},"end":{"line":66,"column":57}},"8":{"start":{"line":76,"column":35},"end":{"line":76,"column":53}}},"fnMap":{"0":{"name":"(anonymous_0)","decl":{"start":{"line":13,"column":52},"end":{"line":13,"column":53}},"loc":{"start":{"line":17,"column":6},"end":{"line":89,"column":1}},"line":17},"1":{"name":"(anonymous_1)","decl":{"start":{"line":20,"column":23},"end":{"line":20,"column":24}},"loc":{"start":{"line":20,"column":47},"end":{"line":34,"column":3}},"line":20},"2":{"name":"(anonymous_2)","decl":{"start":{"line":56,"column":29},"end":{"line":56,"column":30}},"loc":{"start":{"line":57,"column":16},"end":{"line":81,"column":29}},"line":57},"3":{"name":"(anonymous_3)","decl":{"start":{"line":66,"column":29},"end":{"line":66,"column":30}},"loc":{"start":{"line":66,"column":35},"end":{"line":66,"column":57}},"line":66},"4":{"name":"(anonymous_4)","decl":{"start":{"line":76,"column":29},"end":{"line":76,"column":30}},"loc":{"start":{"line":76,"column":35},"end":{"line":76,"column":53}},"line":76}},"branchMap":{"0":{"loc":{"start":{"line":27,"column":15},"end":{"line":27,"column":37}},"type":"binary-expr","locations":[{"start":{"line":27,"column":15},"end":{"line":27,"column":31}},{"start":{"line":27,"column":35},"end":{"line":27,"column":37}}],"line":27},"1":{"loc":{"start":{"line":44,"column":11},"end":{"line":84,"column":11}},"type":"cond-expr","locations":[{"start":{"line":45,"column":12},"end":{"line":53,"column":25}},{"start":{"line":55,"column":12},"end":{"line":83,"column":18}}],"line":44},"2":{"loc":{"start":{"line":69,"column":21},"end":{"line":71,"column":21}},"type":"binary-expr","locations":[{"start":{"line":69,"column":21},"end":{"line":69,"column":37}},{"start":{"line":70,"column":22},"end":{"line":70,"column":81}}],"line":69}},"s":{"0":0,"1":0,"2":0,"3":0,"4":0,"5":0,"6":0,"7":0,"8":0},"f":{"0":0,"1":0,"2":0,"3":0,"4":0},"b":{"0":[0,0],"1":[0,0],"2":[0,0]}}
,"C:\\Users\\10739\\Desktop\\explore-melbourne\\src\\components\\LanguageSwitcher.tsx": {"path":"C:\\Users\\10739\\Desktop\\explore-melbourne\\src\\components\\LanguageSwitcher.tsx","statementMap":{"0":{"start":{"line":6,"column":35},"end":{"line":29,"column":1}},"1":{"start":{"line":7,"column":39},"end":{"line":7,"column":52}},"2":{"start":{"line":9,"column":25},"end":{"line":11,"column":3}},"3":{"start":{"line":10,"column":4},"end":{"line":10,"column":49}},"4":{"start":{"line":13,"column":2},"end":{"line":28,"column":4}}},"fnMap":{"0":{"name":"(anonymous_0)","decl":{"start":{"line":6,"column":35},"end":{"line":6,"column":36}},"loc":{"start":{"line":6,"column":41},"end":{"line":29,"column":1}},"line":6},"1":{"name":"(anonymous_1)","decl":{"start":{"line":9,"column":25},"end":{"line":9,"column":26}},"loc":{"start":{"line":9,"column":31},"end":{"line":11,"column":3}},"line":9}},"branchMap":{"0":{"loc":{"start":{"line":10,"column":16},"end":{"line":10,"column":47}},"type":"cond-expr","locations":[{"start":{"line":10,"column":36},"end":{"line":10,"column":40}},{"start":{"line":10,"column":43},"end":{"line":10,"column":47}}],"line":10},"1":{"loc":{"start":{"line":24,"column":11},"end":{"line":24,"column":47}},"type":"cond-expr","locations":[{"start":{"line":24,"column":31},"end":{"line":24,"column":35}},{"start":{"line":24,"column":38},"end":{"line":24,"column":47}}],"line":24}},"s":{"0":0,"1":0,"2":0,"3":0,"4":0},"f":{"0":0,"1":0},"b":{"0":[0,0],"1":[0,0]}}
,"C:\\Users\\10739\\Desktop\\explore-melbourne\\src\\components\\Layout.tsx": {"path":"C:\\Users\\10739\\Desktop\\explore-melbourne\\src\\components\\Layout.tsx","statementMap":{"0":{"start":{"line":9,"column":38},"end":{"line":110,"column":1}},"1":{"start":{"line":10,"column":44},"end":{"line":10,"column":59}},"2":{"start":{"line":12,"column":2},"end":{"line":109,"column":4}},"3":{"start":{"line":19,"column":29},"end":{"line":19,"column":61}},"4":{"start":{"line":105,"column":25},"end":{"line":105,"column":48}}},"fnMap":{"0":{"name":"(anonymous_0)","decl":{"start":{"line":9,"column":38},"end":{"line":9,"column":39}},"loc":{"start":{"line":9,"column":56},"end":{"line":110,"column":1}},"line":9},"1":{"name":"(anonymous_1)","decl":{"start":{"line":19,"column":23},"end":{"line":19,"column":24}},"loc":{"start":{"line":19,"column":29},"end":{"line":19,"column":61}},"line":19},"2":{"name":"(anonymous_2)","decl":{"start":{"line":105,"column":19},"end":{"line":105,"column":20}},"loc":{"start":{"line":105,"column":25},"end":{"line":105,"column":48}},"line":105}},"branchMap":{"0":{"loc":{"start":{"line":84,"column":22},"end":{"line":84,"column":49}},"type":"cond-expr","locations":[{"start":{"line":84,"column":38},"end":{"line":84,"column":39}},{"start":{"line":84,"column":42},"end":{"line":84,"column":49}}],"line":84},"1":{"loc":{"start":{"line":102,"column":7},"end":{"line":107,"column":7}},"type":"binary-expr","locations":[{"start":{"line":102,"column":7},"end":{"line":102,"column":20}},{"start":{"line":103,"column":8},"end":{"line":106,"column":10}}],"line":102}},"s":{"0":0,"1":0,"2":0,"3":0,"4":0},"f":{"0":0,"1":0,"2":0},"b":{"0":[0,0],"1":[0,0]}}
,"C:\\Users\\10739\\Desktop\\explore-melbourne\\src\\components\\LoadingSpinner.tsx": {"path":"C:\\Users\\10739\\Desktop\\explore-melbourne\\src\\components\\LoadingSpinner.tsx","statementMap":{"0":{"start":{"line":11,"column":54},"end":{"line":48,"column":1}},"1":{"start":{"line":16,"column":22},"end":{"line":20,"column":3}},"2":{"start":{"line":22,"column":27},"end":{"line":24,"column":40}},"3":{"start":{"line":26,"column":2},"end":{"line":47,"column":4}}},"fnMap":{"0":{"name":"(anonymous_0)","decl":{"start":{"line":11,"column":54},"end":{"line":11,"column":55}},"loc":{"start":{"line":15,"column":6},"end":{"line":48,"column":1}},"line":15}},"branchMap":{"0":{"loc":{"start":{"line":12,"column":2},"end":{"line":12,"column":13}},"type":"default-arg","locations":[{"start":{"line":12,"column":9},"end":{"line":12,"column":13}}],"line":12},"1":{"loc":{"start":{"line":14,"column":2},"end":{"line":14,"column":20}},"type":"default-arg","locations":[{"start":{"line":14,"column":15},"end":{"line":14,"column":20}}],"line":14},"2":{"loc":{"start":{"line":22,"column":27},"end":{"line":24,"column":40}},"type":"cond-expr","locations":[{"start":{"line":23,"column":6},"end":{"line":23,"column":84}},{"start":{"line":24,"column":6},"end":{"line":24,"column":40}}],"line":22},"3":{"loc":{"start":{"line":36,"column":9},"end":{"line":44,"column":9}},"type":"binary-expr","locations":[{"start":{"line":36,"column":9},"end":{"line":36,"column":13}},{"start":{"line":37,"column":10},"end":{"line":43,"column":21}}],"line":36}},"s":{"0":0,"1":0,"2":0,"3":0},"f":{"0":0},"b":{"0":[0],"1":[0],"2":[0,0],"3":[0,0]}}
,"C:\\Users\\10739\\Desktop\\explore-melbourne\\src\\components\\Map.tsx": {"path":"C:\\Users\\10739\\Desktop\\explore-melbourne\\src\\components\\Map.tsx","statementMap":{"0":{"start":{"line":17,"column":19},"end":{"line":26,"column":1}},"1":{"start":{"line":28,"column":32},"end":{"line":149,"column":1}},"2":{"start":{"line":36,"column":16},"end":{"line":36,"column":29}},"3":{"start":{"line":37,"column":17},"end":{"line":37,"column":45}},"4":{"start":{"line":38,"column":25},"end":{"line":38,"column":61}},"5":{"start":{"line":39,"column":20},"end":{"line":39,"column":59}},"6":{"start":{"line":41,"column":2},"end":{"line":103,"column":31}},"7":{"start":{"line":42,"column":4},"end":{"line":42,"column":32}},"8":{"start":{"line":42,"column":25},"end":{"line":42,"column":32}},"9":{"start":{"line":44,"column":16},"end":{"line":87,"column":6}},"10":{"start":{"line":89,"column":4},"end":{"line":89,"column":33}},"11":{"start":{"line":91,"column":4},"end":{"line":98,"column":7}},"12":{"start":{"line":92,"column":6},"end":{"line":97,"column":7}},"13":{"start":{"line":93,"column":8},"end":{"line":96,"column":11}},"14":{"start":{"line":100,"column":4},"end":{"line":102,"column":6}},"15":{"start":{"line":101,"column":6},"end":{"line":101,"column":52}},"16":{"start":{"line":105,"column":2},"end":{"line":128,"column":37}},"17":{"start":{"line":106,"column":4},"end":{"line":106,"column":61}},"18":{"start":{"line":106,"column":54},"end":{"line":106,"column":61}},"19":{"start":{"line":108,"column":4},"end":{"line":110,"column":5}},"20":{"start":{"line":109,"column":6},"end":{"line":109,"column":37}},"21":{"start":{"line":112,"column":19},"end":{"line":124,"column":6}},"22":{"start":{"line":126,"column":4},"end":{"line":126,"column":31}},"23":{"start":{"line":127,"column":4},"end":{"line":127,"column":51}},"24":{"start":{"line":130,"column":2},"end":{"line":148,"column":4}}},"fnMap":{"0":{"name":"(anonymous_0)","decl":{"start":{"line":28,"column":32},"end":{"line":28,"column":33}},"loc":{"start":{"line":35,"column":6},"end":{"line":149,"column":1}},"line":35},"1":{"name":"(anonymous_1)","decl":{"start":{"line":41,"column":12},"end":{"line":41,"column":13}},"loc":{"start":{"line":41,"column":18},"end":{"line":103,"column":3}},"line":41},"2":{"name":"(anonymous_2)","decl":{"start":{"line":91,"column":29},"end":{"line":91,"column":30}},"loc":{"start":{"line":91,"column":63},"end":{"line":98,"column":5}},"line":91},"3":{"name":"(anonymous_3)","decl":{"start":{"line":100,"column":11},"end":{"line":100,"column":12}},"loc":{"start":{"line":100,"column":17},"end":{"line":102,"column":5}},"line":100},"4":{"name":"(anonymous_4)","decl":{"start":{"line":105,"column":12},"end":{"line":105,"column":13}},"loc":{"start":{"line":105,"column":18},"end":{"line":128,"column":3}},"line":105}},"branchMap":{"0":{"loc":{"start":{"line":42,"column":4},"end":{"line":42,"column":32}},"type":"if","locations":[{"start":{"line":42,"column":4},"end":{"line":42,"column":32}},{"start":{},"end":{}}],"line":42},"1":{"loc":{"start":{"line":92,"column":6},"end":{"line":97,"column":7}},"type":"if","locations":[{"start":{"line":92,"column":6},"end":{"line":97,"column":7}},{"start":{},"end":{}}],"line":92},"2":{"loc":{"start":{"line":106,"column":4},"end":{"line":106,"column":61}},"type":"if","locations":[{"start":{"line":106,"column":4},"end":{"line":106,"column":61}},{"start":{},"end":{}}],"line":106},"3":{"loc":{"start":{"line":106,"column":8},"end":{"line":106,"column":52}},"type":"binary-expr","locations":[{"start":{"line":106,"column":8},"end":{"line":106,"column":31}},{"start":{"line":106,"column":35},"end":{"line":106,"column":52}}],"line":106},"4":{"loc":{"start":{"line":108,"column":4},"end":{"line":110,"column":5}},"type":"if","locations":[{"start":{"line":108,"column":4},"end":{"line":110,"column":5}},{"start":{},"end":{}}],"line":108},"5":{"loc":{"start":{"line":118,"column":19},"end":{"line":118,"column":53}},"type":"cond-expr","locations":[{"start":{"line":118,"column":32},"end":{"line":118,"column":41}},{"start":{"line":118,"column":44},"end":{"line":118,"column":53}}],"line":118},"6":{"loc":{"start":{"line":121,"column":21},"end":{"line":121,"column":55}},"type":"cond-expr","locations":[{"start":{"line":121,"column":34},"end":{"line":121,"column":43}},{"start":{"line":121,"column":46},"end":{"line":121,"column":55}}],"line":121},"7":{"loc":{"start":{"line":134,"column":7},"end":{"line":146,"column":7}},"type":"binary-expr","locations":[{"start":{"line":134,"column":7},"end":{"line":134,"column":23}},{"start":{"line":135,"column":8},"end":{"line":145,"column":17}}],"line":134},"8":{"loc":{"start":{"line":138,"column":14},"end":{"line":140,"column":64}},"type":"cond-expr","locations":[{"start":{"line":139,"column":16},"end":{"line":139,"column":64}},{"start":{"line":140,"column":16},"end":{"line":140,"column":64}}],"line":138}},"s":{"0":0,"1":0,"2":0,"3":0,"4":0,"5":0,"6":0,"7":0,"8":0,"9":0,"10":0,"11":0,"12":0,"13":0,"14":0,"15":0,"16":0,"17":0,"18":0,"19":0,"20":0,"21":0,"22":0,"23":0,"24":0},"f":{"0":0,"1":0,"2":0,"3":0,"4":0},"b":{"0":[0,0],"1":[0,0],"2":[0,0],"3":[0,0],"4":[0,0],"5":[0,0],"6":[0,0],"7":[0,0],"8":[0,0]}}
,"C:\\Users\\10739\\Desktop\\explore-melbourne\\src\\components\\PlaceDetails.tsx": {"path":"C:\\Users\\10739\\Desktop\\explore-melbourne\\src\\components\\PlaceDetails.tsx","statementMap":{"0":{"start":{"line":14,"column":50},"end":{"line":189,"column":1}},"1":{"start":{"line":20,"column":16},"end":{"line":20,"column":29}},"2":{"start":{"line":21,"column":36},"end":{"line":21,"column":56}},"3":{"start":{"line":22,"column":52},"end":{"line":22,"column":63}},"4":{"start":{"line":23,"column":56},"end":{"line":23,"column":71}},"5":{"start":{"line":25,"column":15},"end":{"line":30,"column":3}},"6":{"start":{"line":32,"column":2},"end":{"line":188,"column":4}},"7":{"start":{"line":77,"column":12},"end":{"line":87,"column":21}},"8":{"start":{"line":79,"column":29},"end":{"line":79,"column":49}},"9":{"start":{"line":110,"column":39},"end":{"line":110,"column":83}},"10":{"start":{"line":122,"column":22},"end":{"line":124,"column":27}},"11":{"start":{"line":145,"column":18},"end":{"line":150,"column":20}}},"fnMap":{"0":{"name":"(anonymous_0)","decl":{"start":{"line":14,"column":50},"end":{"line":14,"column":51}},"loc":{"start":{"line":19,"column":6},"end":{"line":189,"column":1}},"line":19},"1":{"name":"(anonymous_1)","decl":{"start":{"line":76,"column":20},"end":{"line":76,"column":21}},"loc":{"start":{"line":77,"column":12},"end":{"line":87,"column":21}},"line":77},"2":{"name":"(anonymous_2)","decl":{"start":{"line":79,"column":23},"end":{"line":79,"column":24}},"loc":{"start":{"line":79,"column":29},"end":{"line":79,"column":49}},"line":79},"3":{"name":"(anonymous_3)","decl":{"start":{"line":110,"column":33},"end":{"line":110,"column":34}},"loc":{"start":{"line":110,"column":39},"end":{"line":110,"column":83}},"line":110},"4":{"name":"(anonymous_4)","decl":{"start":{"line":121,"column":44},"end":{"line":121,"column":45}},"loc":{"start":{"line":122,"column":22},"end":{"line":124,"column":27}},"line":122},"5":{"name":"(anonymous_5)","decl":{"start":{"line":144,"column":34},"end":{"line":144,"column":35}},"loc":{"start":{"line":145,"column":18},"end":{"line":150,"column":20}},"line":145}},"branchMap":{"0":{"loc":{"start":{"line":51,"column":16},"end":{"line":51,"column":74}},"type":"cond-expr","locations":[{"start":{"line":51,"column":29},"end":{"line":51,"column":56}},{"start":{"line":51,"column":59},"end":{"line":51,"column":74}}],"line":51},"1":{"loc":{"start":{"line":81,"column":16},"end":{"line":83,"column":47}},"type":"cond-expr","locations":[{"start":{"line":82,"column":20},"end":{"line":82,"column":44}},{"start":{"line":83,"column":20},"end":{"line":83,"column":47}}],"line":81},"2":{"loc":{"start":{"line":100,"column":13},"end":{"line":141,"column":13}},"type":"binary-expr","locations":[{"start":{"line":100,"column":13},"end":{"line":100,"column":37}},{"start":{"line":101,"column":14},"end":{"line":140,"column":17}}],"line":100},"3":{"loc":{"start":{"line":105,"column":21},"end":{"line":107,"column":64}},"type":"cond-expr","locations":[{"start":{"line":106,"column":24},"end":{"line":106,"column":41}},{"start":{"line":107,"column":24},"end":{"line":107,"column":64}}],"line":105},"4":{"loc":{"start":{"line":108,"column":21},"end":{"line":115,"column":21}},"type":"binary-expr","locations":[{"start":{"line":108,"column":21},"end":{"line":108,"column":38}},{"start":{"line":108,"column":42},"end":{"line":108,"column":72}},{"start":{"line":109,"column":22},"end":{"line":114,"column":31}}],"line":108},"5":{"loc":{"start":{"line":113,"column":25},"end":{"line":113,"column":90}},"type":"cond-expr","locations":[{"start":{"line":113,"column":47},"end":{"line":113,"column":67}},{"start":{"line":113,"column":70},"end":{"line":113,"column":90}}],"line":113},"6":{"loc":{"start":{"line":142,"column":13},"end":{"line":153,"column":13}},"type":"binary-expr","locations":[{"start":{"line":142,"column":13},"end":{"line":142,"column":35}},{"start":{"line":143,"column":14},"end":{"line":152,"column":20}}],"line":142},"7":{"loc":{"start":{"line":154,"column":13},"end":{"line":158,"column":13}},"type":"binary-expr","locations":[{"start":{"line":154,"column":13},"end":{"line":154,"column":36}},{"start":{"line":155,"column":14},"end":{"line":157,"column":20}}],"line":154},"8":{"loc":{"start":{"line":159,"column":13},"end":{"line":163,"column":13}},"type":"binary-expr","locations":[{"start":{"line":159,"column":13},"end":{"line":159,"column":33}},{"start":{"line":160,"column":14},"end":{"line":162,"column":20}}],"line":159}},"s":{"0":0,"1":0,"2":0,"3":0,"4":0,"5":0,"6":0,"7":0,"8":0,"9":0,"10":0,"11":0},"f":{"0":0,"1":0,"2":0,"3":0,"4":0,"5":0},"b":{"0":[0,0],"1":[0,0],"2":[0,0],"3":[0,0],"4":[0,0,0],"5":[0,0],"6":[0,0],"7":[0,0],"8":[0,0]}}
,"C:\\Users\\10739\\Desktop\\explore-melbourne\\src\\components\\Recommendations.tsx": {"path":"C:\\Users\\10739\\Desktop\\explore-melbourne\\src\\components\\Recommendations.tsx","statementMap":{"0":{"start":{"line":12,"column":56},"end":{"line":98,"column":1}},"1":{"start":{"line":16,"column":16},"end":{"line":16,"column":29}},"2":{"start":{"line":18,"column":23},"end":{"line":34,"column":3}},"3":{"start":{"line":19,"column":25},"end":{"line":32,"column":5}},"4":{"start":{"line":33,"column":4},"end":{"line":33,"column":20}},"5":{"start":{"line":36,"column":2},"end":{"line":97,"column":4}},"6":{"start":{"line":43,"column":10},"end":{"line":93,"column":23}},"7":{"start":{"line":47,"column":27},"end":{"line":47,"column":55}},"8":{"start":{"line":84,"column":18},"end":{"line":89,"column":25}}},"fnMap":{"0":{"name":"(anonymous_0)","decl":{"start":{"line":12,"column":56},"end":{"line":12,"column":57}},"loc":{"start":{"line":15,"column":6},"end":{"line":98,"column":1}},"line":15},"1":{"name":"(anonymous_1)","decl":{"start":{"line":18,"column":23},"end":{"line":18,"column":24}},"loc":{"start":{"line":18,"column":59},"end":{"line":34,"column":3}},"line":18},"2":{"name":"(anonymous_2)","decl":{"start":{"line":42,"column":29},"end":{"line":42,"column":30}},"loc":{"start":{"line":43,"column":10},"end":{"line":93,"column":23}},"line":43},"3":{"name":"(anonymous_3)","decl":{"start":{"line":47,"column":21},"end":{"line":47,"column":22}},"loc":{"start":{"line":47,"column":27},"end":{"line":47,"column":55}},"line":47},"4":{"name":"(anonymous_4)","decl":{"start":{"line":83,"column":41},"end":{"line":83,"column":42}},"loc":{"start":{"line":84,"column":18},"end":{"line":89,"column":25}},"line":84}},"branchMap":{},"s":{"0":0,"1":0,"2":0,"3":0,"4":0,"5":0,"6":0,"7":0,"8":0},"f":{"0":0,"1":0,"2":0,"3":0,"4":0},"b":{}}
,"C:\\Users\\10739\\Desktop\\explore-melbourne\\src\\components\\ReviewSystem.tsx": {"path":"C:\\Users\\10739\\Desktop\\explore-melbourne\\src\\components\\ReviewSystem.tsx","statementMap":{"0":{"start":{"line":12,"column":50},"end":{"line":170,"column":1}},"1":{"start":{"line":17,"column":36},"end":{"line":21,"column":4}},"2":{"start":{"line":22,"column":42},"end":{"line":22,"column":57}},"3":{"start":{"line":24,"column":23},"end":{"line":32,"column":3}},"4":{"start":{"line":25,"column":4},"end":{"line":25,"column":23}},"5":{"start":{"line":26,"column":4},"end":{"line":26,"column":65}},"6":{"start":{"line":26,"column":58},"end":{"line":26,"column":65}},"7":{"start":{"line":28,"column":4},"end":{"line":28,"column":26}},"8":{"start":{"line":29,"column":4},"end":{"line":29,"column":27}},"9":{"start":{"line":30,"column":4},"end":{"line":30,"column":54}},"10":{"start":{"line":31,"column":4},"end":{"line":31,"column":27}},"11":{"start":{"line":34,"column":2},"end":{"line":169,"column":4}},"12":{"start":{"line":46,"column":12},"end":{"line":55,"column":28}},"13":{"start":{"line":51,"column":29},"end":{"line":51,"column":73}},"14":{"start":{"line":64,"column":29},"end":{"line":64,"column":83}},"15":{"start":{"line":70,"column":29},"end":{"line":70,"column":81}},"16":{"start":{"line":95,"column":12},"end":{"line":164,"column":25}},"17":{"start":{"line":123,"column":26},"end":{"line":125,"column":33}},"18":{"start":{"line":137,"column":24},"end":{"line":142,"column":26}},"19":{"start":{"line":151,"column":37},"end":{"line":151,"column":60}}},"fnMap":{"0":{"name":"(anonymous_0)","decl":{"start":{"line":12,"column":50},"end":{"line":12,"column":51}},"loc":{"start":{"line":16,"column":6},"end":{"line":170,"column":1}},"line":16},"1":{"name":"(anonymous_1)","decl":{"start":{"line":24,"column":23},"end":{"line":24,"column":24}},"loc":{"start":{"line":24,"column":47},"end":{"line":32,"column":3}},"line":24},"2":{"name":"(anonymous_2)","decl":{"start":{"line":45,"column":31},"end":{"line":45,"column":32}},"loc":{"start":{"line":46,"column":12},"end":{"line":55,"column":28}},"line":46},"3":{"name":"(anonymous_3)","decl":{"start":{"line":51,"column":23},"end":{"line":51,"column":24}},"loc":{"start":{"line":51,"column":29},"end":{"line":51,"column":73}},"line":51},"4":{"name":"(anonymous_4)","decl":{"start":{"line":64,"column":22},"end":{"line":64,"column":23}},"loc":{"start":{"line":64,"column":29},"end":{"line":64,"column":83}},"line":64},"5":{"name":"(anonymous_5)","decl":{"start":{"line":70,"column":22},"end":{"line":70,"column":23}},"loc":{"start":{"line":70,"column":29},"end":{"line":70,"column":81}},"line":70},"6":{"name":"(anonymous_6)","decl":{"start":{"line":94,"column":23},"end":{"line":94,"column":24}},"loc":{"start":{"line":95,"column":12},"end":{"line":164,"column":25}},"line":95},"7":{"name":"(anonymous_7)","decl":{"start":{"line":122,"column":43},"end":{"line":122,"column":44}},"loc":{"start":{"line":123,"column":26},"end":{"line":125,"column":33}},"line":123},"8":{"name":"(anonymous_8)","decl":{"start":{"line":136,"column":41},"end":{"line":136,"column":42}},"loc":{"start":{"line":137,"column":24},"end":{"line":142,"column":26}},"line":137},"9":{"name":"(anonymous_9)","decl":{"start":{"line":151,"column":31},"end":{"line":151,"column":32}},"loc":{"start":{"line":151,"column":37},"end":{"line":151,"column":60}},"line":151}},"branchMap":{"0":{"loc":{"start":{"line":26,"column":4},"end":{"line":26,"column":65}},"type":"if","locations":[{"start":{"line":26,"column":4},"end":{"line":26,"column":65}},{"start":{},"end":{}}],"line":26},"1":{"loc":{"start":{"line":26,"column":8},"end":{"line":26,"column":56}},"type":"binary-expr","locations":[{"start":{"line":26,"column":8},"end":{"line":26,"column":30}},{"start":{"line":26,"column":34},"end":{"line":26,"column":56}}],"line":26},"2":{"loc":{"start":{"line":54,"column":44},"end":{"line":54,"column":90}},"type":"cond-expr","locations":[{"start":{"line":54,"column":71},"end":{"line":54,"column":85}},{"start":{"line":54,"column":88},"end":{"line":54,"column":90}}],"line":54},"3":{"loc":{"start":{"line":78,"column":20},"end":{"line":78,"column":84}},"type":"binary-expr","locations":[{"start":{"line":78,"column":20},"end":{"line":78,"column":32}},{"start":{"line":78,"column":36},"end":{"line":78,"column":58}},{"start":{"line":78,"column":62},"end":{"line":78,"column":84}}],"line":78},"4":{"loc":{"start":{"line":82,"column":12},"end":{"line":84,"column":47}},"type":"cond-expr","locations":[{"start":{"line":83,"column":16},"end":{"line":83,"column":48}},{"start":{"line":84,"column":16},"end":{"line":84,"column":47}}],"line":82},"5":{"loc":{"start":{"line":82,"column":12},"end":{"line":82,"column":76}},"type":"binary-expr","locations":[{"start":{"line":82,"column":12},"end":{"line":82,"column":24}},{"start":{"line":82,"column":28},"end":{"line":82,"column":50}},{"start":{"line":82,"column":54},"end":{"line":82,"column":76}}],"line":82},"6":{"loc":{"start":{"line":87,"column":11},"end":{"line":87,"column":43}},"type":"cond-expr","locations":[{"start":{"line":87,"column":26},"end":{"line":87,"column":34}},{"start":{"line":87,"column":37},"end":{"line":87,"column":43}}],"line":87},"7":{"loc":{"start":{"line":104,"column":19},"end":{"line":114,"column":19}},"type":"cond-expr","locations":[{"start":{"line":105,"column":20},"end":{"line":109,"column":22}},{"start":{"line":111,"column":20},"end":{"line":113,"column":26}}],"line":104},"8":{"loc":{"start":{"line":124,"column":58},"end":{"line":124,"column":97}},"type":"cond-expr","locations":[{"start":{"line":124,"column":78},"end":{"line":124,"column":92}},{"start":{"line":124,"column":95},"end":{"line":124,"column":97}}],"line":124},"9":{"loc":{"start":{"line":134,"column":19},"end":{"line":145,"column":19}},"type":"binary-expr","locations":[{"start":{"line":134,"column":19},"end":{"line":134,"column":32}},{"start":{"line":134,"column":36},"end":{"line":134,"column":60}},{"start":{"line":135,"column":20},"end":{"line":144,"column":26}}],"line":134}},"s":{"0":0,"1":0,"2":0,"3":0,"4":0,"5":0,"6":0,"7":0,"8":0,"9":0,"10":0,"11":0,"12":0,"13":0,"14":0,"15":0,"16":0,"17":0,"18":0,"19":0},"f":{"0":0,"1":0,"2":0,"3":0,"4":0,"5":0,"6":0,"7":0,"8":0,"9":0},"b":{"0":[0,0],"1":[0,0],"2":[0,0],"3":[0,0,0],"4":[0,0],"5":[0,0,0],"6":[0,0],"7":[0,0],"8":[0,0],"9":[0,0,0]}}
,"C:\\Users\\10739\\Desktop\\explore-melbourne\\src\\components\\SceneFilters.tsx": {"path":"C:\\Users\\10739\\Desktop\\explore-melbourne\\src\\components\\SceneFilters.tsx","statementMap":{"0":{"start":{"line":11,"column":50},"end":{"line":93,"column":1}},"1":{"start":{"line":12,"column":16},"end":{"line":12,"column":29}},"2":{"start":{"line":13,"column":44},"end":{"line":13,"column":72}},"3":{"start":{"line":14,"column":38},"end":{"line":14,"column":53}},"4":{"start":{"line":16,"column":40},"end":{"line":23,"column":3}},"5":{"start":{"line":25,"column":23},"end":{"line":31,"column":3}},"6":{"start":{"line":26,"column":23},"end":{"line":28,"column":34}},"7":{"start":{"line":26,"column":49},"end":{"line":26,"column":67}},"8":{"start":{"line":27,"column":36},"end":{"line":27,"column":54}},"9":{"start":{"line":29,"column":4},"end":{"line":29,"column":33}},"10":{"start":{"line":30,"column":4},"end":{"line":30,"column":31}},"11":{"start":{"line":33,"column":2},"end":{"line":92,"column":4}},"12":{"start":{"line":38,"column":23},"end":{"line":38,"column":49}},"13":{"start":{"line":65,"column":31},"end":{"line":65,"column":51}},"14":{"start":{"line":73,"column":16},"end":{"line":85,"column":32}},"15":{"start":{"line":77,"column":33},"end":{"line":77,"column":53}},"16":{"start":{"line":79,"column":46},"end":{"line":79,"column":64}}},"fnMap":{"0":{"name":"(anonymous_0)","decl":{"start":{"line":11,"column":50},"end":{"line":11,"column":51}},"loc":{"start":{"line":11,"column":74},"end":{"line":93,"column":1}},"line":11},"1":{"name":"(anonymous_1)","decl":{"start":{"line":25,"column":23},"end":{"line":25,"column":24}},"loc":{"start":{"line":25,"column":49},"end":{"line":31,"column":3}},"line":25},"2":{"name":"(anonymous_2)","decl":{"start":{"line":26,"column":42},"end":{"line":26,"column":43}},"loc":{"start":{"line":26,"column":49},"end":{"line":26,"column":67}},"line":26},"3":{"name":"(anonymous_3)","decl":{"start":{"line":27,"column":29},"end":{"line":27,"column":30}},"loc":{"start":{"line":27,"column":36},"end":{"line":27,"column":54}},"line":27},"4":{"name":"(anonymous_4)","decl":{"start":{"line":38,"column":17},"end":{"line":38,"column":18}},"loc":{"start":{"line":38,"column":23},"end":{"line":38,"column":49}},"line":38},"5":{"name":"(anonymous_5)","decl":{"start":{"line":65,"column":25},"end":{"line":65,"column":26}},"loc":{"start":{"line":65,"column":31},"end":{"line":65,"column":51}},"line":65},"6":{"name":"(anonymous_6)","decl":{"start":{"line":72,"column":33},"end":{"line":72,"column":34}},"loc":{"start":{"line":73,"column":16},"end":{"line":85,"column":32}},"line":73},"7":{"name":"(anonymous_7)","decl":{"start":{"line":77,"column":27},"end":{"line":77,"column":28}},"loc":{"start":{"line":77,"column":33},"end":{"line":77,"column":53}},"line":77},"8":{"name":"(anonymous_8)","decl":{"start":{"line":79,"column":39},"end":{"line":79,"column":40}},"loc":{"start":{"line":79,"column":46},"end":{"line":79,"column":64}},"line":79}},"branchMap":{"0":{"loc":{"start":{"line":26,"column":23},"end":{"line":28,"column":34}},"type":"cond-expr","locations":[{"start":{"line":27,"column":8},"end":{"line":27,"column":55}},{"start":{"line":28,"column":8},"end":{"line":28,"column":34}}],"line":26},"1":{"loc":{"start":{"line":40,"column":10},"end":{"line":42,"column":41}},"type":"cond-expr","locations":[{"start":{"line":41,"column":14},"end":{"line":41,"column":38}},{"start":{"line":42,"column":14},"end":{"line":42,"column":41}}],"line":40},"2":{"loc":{"start":{"line":47,"column":9},"end":{"line":51,"column":9}},"type":"binary-expr","locations":[{"start":{"line":47,"column":9},"end":{"line":47,"column":33}},{"start":{"line":48,"column":10},"end":{"line":50,"column":17}}],"line":47},"3":{"loc":{"start":{"line":55,"column":9},"end":{"line":89,"column":9}},"type":"binary-expr","locations":[{"start":{"line":55,"column":9},"end":{"line":55,"column":19}},{"start":{"line":56,"column":10},"end":{"line":88,"column":23}}],"line":55},"4":{"loc":{"start":{"line":79,"column":20},"end":{"line":81,"column":51}},"type":"cond-expr","locations":[{"start":{"line":80,"column":24},"end":{"line":80,"column":48}},{"start":{"line":81,"column":24},"end":{"line":81,"column":51}}],"line":79}},"s":{"0":0,"1":0,"2":0,"3":0,"4":0,"5":0,"6":0,"7":0,"8":0,"9":0,"10":0,"11":0,"12":0,"13":0,"14":0,"15":0,"16":0},"f":{"0":0,"1":0,"2":0,"3":0,"4":0,"5":0,"6":0,"7":0,"8":0},"b":{"0":[0,0],"1":[0,0],"2":[0,0],"3":[0,0],"4":[0,0]}}
,"C:\\Users\\10739\\Desktop\\explore-melbourne\\src\\components\\SearchBox.tsx": {"path":"C:\\Users\\10739\\Desktop\\explore-melbourne\\src\\components\\SearchBox.tsx","statementMap":{"0":{"start":{"line":11,"column":44},"end":{"line":206,"column":1}},"1":{"start":{"line":12,"column":28},"end":{"line":12,"column":40}},"2":{"start":{"line":13,"column":36},"end":{"line":13,"column":51}},"3":{"start":{"line":14,"column":40},"end":{"line":14,"column":61}},"4":{"start":{"line":15,"column":40},"end":{"line":15,"column":55}},"5":{"start":{"line":16,"column":23},"end":{"line":16,"column":51}},"6":{"start":{"line":19,"column":23},"end":{"line":63,"column":3}},"7":{"start":{"line":20,"column":4},"end":{"line":23,"column":5}},"8":{"start":{"line":21,"column":6},"end":{"line":21,"column":25}},"9":{"start":{"line":22,"column":6},"end":{"line":22,"column":13}},"10":{"start":{"line":26,"column":4},"end":{"line":26,"column":61}},"11":{"start":{"line":26,"column":35},"end":{"line":26,"column":59}},"12":{"start":{"line":29,"column":33},"end":{"line":56,"column":5}},"13":{"start":{"line":58,"column":4},"end":{"line":62,"column":6}},"14":{"start":{"line":60,"column":8},"end":{"line":60,"column":68}},"15":{"start":{"line":65,"column":2},"end":{"line":71,"column":14}},"16":{"start":{"line":66,"column":26},"end":{"line":68,"column":11}},"17":{"start":{"line":67,"column":6},"end":{"line":67,"column":26}},"18":{"start":{"line":70,"column":4},"end":{"line":70,"column":45}},"19":{"start":{"line":70,"column":17},"end":{"line":70,"column":44}},"20":{"start":{"line":73,"column":2},"end":{"line":82,"column":9}},"21":{"start":{"line":74,"column":31},"end":{"line":78,"column":5}},"22":{"start":{"line":75,"column":6},"end":{"line":77,"column":7}},"23":{"start":{"line":76,"column":8},"end":{"line":76,"column":28}},"24":{"start":{"line":80,"column":4},"end":{"line":80,"column":63}},"25":{"start":{"line":81,"column":4},"end":{"line":81,"column":79}},"26":{"start":{"line":81,"column":17},"end":{"line":81,"column":78}},"27":{"start":{"line":84,"column":28},"end":{"line":115,"column":3}},"28":{"start":{"line":85,"column":4},"end":{"line":88,"column":5}},"29":{"start":{"line":86,"column":6},"end":{"line":86,"column":30}},"30":{"start":{"line":87,"column":6},"end":{"line":87,"column":13}},"31":{"start":{"line":90,"column":24},"end":{"line":90,"column":69}},"32":{"start":{"line":91,"column":4},"end":{"line":91,"column":31}},"33":{"start":{"line":92,"column":4},"end":{"line":92,"column":35}},"34":{"start":{"line":93,"column":4},"end":{"line":93,"column":39}},"35":{"start":{"line":95,"column":4},"end":{"line":97,"column":6}},"36":{"start":{"line":96,"column":6},"end":{"line":96,"column":27}},"37":{"start":{"line":99,"column":4},"end":{"line":103,"column":6}},"38":{"start":{"line":100,"column":25},"end":{"line":100,"column":55}},"39":{"start":{"line":101,"column":6},"end":{"line":101,"column":27}},"40":{"start":{"line":102,"column":6},"end":{"line":102,"column":28}},"41":{"start":{"line":105,"column":4},"end":{"line":108,"column":6}},"42":{"start":{"line":106,"column":6},"end":{"line":106,"column":44}},"43":{"start":{"line":107,"column":6},"end":{"line":107,"column":28}},"44":{"start":{"line":110,"column":4},"end":{"line":112,"column":6}},"45":{"start":{"line":111,"column":6},"end":{"line":111,"column":28}},"46":{"start":{"line":114,"column":4},"end":{"line":114,"column":24}},"47":{"start":{"line":117,"column":2},"end":{"line":205,"column":4}},"48":{"start":{"line":123,"column":27},"end":{"line":123,"column":51}},"49":{"start":{"line":124,"column":25},"end":{"line":124,"column":43}},"50":{"start":{"line":137,"column":16},"end":{"line":137,"column":29}},"51":{"start":{"line":138,"column":16},"end":{"line":138,"column":26}},"52":{"start":{"line":167,"column":14},"end":{"line":199,"column":27}},"53":{"start":{"line":171,"column":18},"end":{"line":171,"column":39}},"54":{"start":{"line":172,"column":18},"end":{"line":172,"column":39}},"55":{"start":{"line":173,"column":18},"end":{"line":173,"column":38}},"56":{"start":{"line":190,"column":22},"end":{"line":195,"column":29}}},"fnMap":{"0":{"name":"(anonymous_0)","decl":{"start":{"line":11,"column":44},"end":{"line":11,"column":45}},"loc":{"start":{"line":11,"column":76},"end":{"line":206,"column":1}},"line":11},"1":{"name":"(anonymous_1)","decl":{"start":{"line":19,"column":23},"end":{"line":19,"column":24}},"loc":{"start":{"line":19,"column":54},"end":{"line":63,"column":3}},"line":19},"2":{"name":"(anonymous_2)","decl":{"start":{"line":26,"column":22},"end":{"line":26,"column":23}},"loc":{"start":{"line":26,"column":35},"end":{"line":26,"column":59}},"line":26},"3":{"name":"(anonymous_3)","decl":{"start":{"line":59,"column":25},"end":{"line":59,"column":26}},"loc":{"start":{"line":60,"column":8},"end":{"line":60,"column":68}},"line":60},"4":{"name":"(anonymous_4)","decl":{"start":{"line":65,"column":12},"end":{"line":65,"column":13}},"loc":{"start":{"line":65,"column":18},"end":{"line":71,"column":3}},"line":65},"5":{"name":"(anonymous_5)","decl":{"start":{"line":66,"column":37},"end":{"line":66,"column":38}},"loc":{"start":{"line":66,"column":43},"end":{"line":68,"column":5}},"line":66},"6":{"name":"(anonymous_6)","decl":{"start":{"line":70,"column":11},"end":{"line":70,"column":12}},"loc":{"start":{"line":70,"column":17},"end":{"line":70,"column":44}},"line":70},"7":{"name":"(anonymous_7)","decl":{"start":{"line":73,"column":12},"end":{"line":73,"column":13}},"loc":{"start":{"line":73,"column":18},"end":{"line":82,"column":3}},"line":73},"8":{"name":"(anonymous_8)","decl":{"start":{"line":74,"column":31},"end":{"line":74,"column":32}},"loc":{"start":{"line":74,"column":54},"end":{"line":78,"column":5}},"line":74},"9":{"name":"(anonymous_9)","decl":{"start":{"line":81,"column":11},"end":{"line":81,"column":12}},"loc":{"start":{"line":81,"column":17},"end":{"line":81,"column":78}},"line":81},"10":{"name":"(anonymous_10)","decl":{"start":{"line":84,"column":28},"end":{"line":84,"column":29}},"loc":{"start":{"line":84,"column":34},"end":{"line":115,"column":3}},"line":84},"11":{"name":"(anonymous_11)","decl":{"start":{"line":95,"column":26},"end":{"line":95,"column":27}},"loc":{"start":{"line":95,"column":32},"end":{"line":97,"column":5}},"line":95},"12":{"name":"(anonymous_12)","decl":{"start":{"line":99,"column":27},"end":{"line":99,"column":28}},"loc":{"start":{"line":99,"column":43},"end":{"line":103,"column":5}},"line":99},"13":{"name":"(anonymous_13)","decl":{"start":{"line":105,"column":26},"end":{"line":105,"column":27}},"loc":{"start":{"line":105,"column":42},"end":{"line":108,"column":5}},"line":105},"14":{"name":"(anonymous_14)","decl":{"start":{"line":110,"column":24},"end":{"line":110,"column":25}},"loc":{"start":{"line":110,"column":30},"end":{"line":112,"column":5}},"line":110},"15":{"name":"(anonymous_15)","decl":{"start":{"line":123,"column":20},"end":{"line":123,"column":21}},"loc":{"start":{"line":123,"column":27},"end":{"line":123,"column":51}},"line":123},"16":{"name":"(anonymous_16)","decl":{"start":{"line":124,"column":19},"end":{"line":124,"column":20}},"loc":{"start":{"line":124,"column":25},"end":{"line":124,"column":43}},"line":124},"17":{"name":"(anonymous_17)","decl":{"start":{"line":136,"column":23},"end":{"line":136,"column":24}},"loc":{"start":{"line":136,"column":29},"end":{"line":139,"column":15}},"line":136},"18":{"name":"(anonymous_18)","decl":{"start":{"line":166,"column":29},"end":{"line":166,"column":30}},"loc":{"start":{"line":167,"column":14},"end":{"line":199,"column":27}},"line":167},"19":{"name":"(anonymous_19)","decl":{"start":{"line":170,"column":25},"end":{"line":170,"column":26}},"loc":{"start":{"line":170,"column":31},"end":{"line":174,"column":17}},"line":170},"20":{"name":"(anonymous_20)","decl":{"start":{"line":189,"column":36},"end":{"line":189,"column":37}},"loc":{"start":{"line":190,"column":22},"end":{"line":195,"column":29}},"line":190}},"branchMap":{"0":{"loc":{"start":{"line":20,"column":4},"end":{"line":23,"column":5}},"type":"if","locations":[{"start":{"line":20,"column":4},"end":{"line":23,"column":5}},{"start":{},"end":{}}],"line":20},"1":{"loc":{"start":{"line":75,"column":6},"end":{"line":77,"column":7}},"type":"if","locations":[{"start":{"line":75,"column":6},"end":{"line":77,"column":7}},{"start":{},"end":{}}],"line":75},"2":{"loc":{"start":{"line":75,"column":10},"end":{"line":75,"column":86}},"type":"binary-expr","locations":[{"start":{"line":75,"column":10},"end":{"line":75,"column":30}},{"start":{"line":75,"column":34},"end":{"line":75,"column":86}}],"line":75},"3":{"loc":{"start":{"line":85,"column":4},"end":{"line":88,"column":5}},"type":"if","locations":[{"start":{"line":85,"column":4},"end":{"line":88,"column":5}},{"start":{},"end":{}}],"line":85},"4":{"loc":{"start":{"line":132,"column":11},"end":{"line":144,"column":11}},"type":"binary-expr","locations":[{"start":{"line":132,"column":11},"end":{"line":132,"column":16}},{"start":{"line":133,"column":12},"end":{"line":143,"column":28}}],"line":132},"5":{"loc":{"start":{"line":150,"column":14},"end":{"line":150,"column":47}},"type":"cond-expr","locations":[{"start":{"line":150,"column":28},"end":{"line":150,"column":42}},{"start":{"line":150,"column":45},"end":{"line":150,"column":47}}],"line":150},"6":{"loc":{"start":{"line":159,"column":9},"end":{"line":202,"column":9}},"type":"binary-expr","locations":[{"start":{"line":159,"column":9},"end":{"line":159,"column":18}},{"start":{"line":159,"column":22},"end":{"line":159,"column":44}},{"start":{"line":160,"column":10},"end":{"line":201,"column":23}}],"line":159},"7":{"loc":{"start":{"line":187,"column":17},"end":{"line":198,"column":17}},"type":"binary-expr","locations":[{"start":{"line":187,"column":17},"end":{"line":187,"column":27}},{"start":{"line":187,"column":31},"end":{"line":187,"column":52}},{"start":{"line":188,"column":18},"end":{"line":197,"column":24}}],"line":187}},"s":{"0":0,"1":0,"2":0,"3":0,"4":0,"5":0,"6":0,"7":0,"8":0,"9":0,"10":0,"11":0,"12":0,"13":0,"14":0,"15":0,"16":0,"17":0,"18":0,"19":0,"20":0,"21":0,"22":0,"23":0,"24":0,"25":0,"26":0,"27":0,"28":0,"29":0,"30":0,"31":0,"32":0,"33":0,"34":0,"35":0,"36":0,"37":0,"38":0,"39":0,"40":0,"41":0,"42":0,"43":0,"44":0,"45":0,"46":0,"47":0,"48":0,"49":0,"50":0,"51":0,"52":0,"53":0,"54":0,"55":0,"56":0},"f":{"0":0,"1":0,"2":0,"3":0,"4":0,"5":0,"6":0,"7":0,"8":0,"9":0,"10":0,"11":0,"12":0,"13":0,"14":0,"15":0,"16":0,"17":0,"18":0,"19":0,"20":0},"b":{"0":[0,0],"1":[0,0],"2":[0,0],"3":[0,0],"4":[0,0],"5":[0,0],"6":[0,0,0],"7":[0,0,0]}}
,"C:\\Users\\10739\\Desktop\\explore-melbourne\\src\\config\\app-store-description.ts": {"path":"C:\\Users\\10739\\Desktop\\explore-melbourne\\src\\config\\app-store-description.ts","statementMap":{"0":{"start":{"line":1,"column":37},"end":{"line":58,"column":1}}},"fnMap":{},"branchMap":{},"s":{"0":0},"f":{},"b":{}}
,"C:\\Users\\10739\\Desktop\\explore-melbourne\\src\\config\\app.ts": {"path":"C:\\Users\\10739\\Desktop\\explore-melbourne\\src\\config\\app.ts","statementMap":{"0":{"start":{"line":1,"column":26},"end":{"line":27,"column":1}}},"fnMap":{},"branchMap":{},"s":{"0":0},"f":{},"b":{}}
,"C:\\Users\\10739\\Desktop\\explore-melbourne\\src\\config\\locales.ts": {"path":"C:\\Users\\10739\\Desktop\\explore-melbourne\\src\\config\\locales.ts","statementMap":{"0":{"start":{"line":108,"column":60},"end":{"line":317,"column":1}}},"fnMap":{},"branchMap":{},"s":{"0":0},"f":{},"b":{}}
,"C:\\Users\\10739\\Desktop\\explore-melbourne\\src\\config\\permissions.ts": {"path":"C:\\Users\\10739\\Desktop\\explore-melbourne\\src\\config\\permissions.ts","statementMap":{"0":{"start":{"line":1,"column":31},"end":{"line":70,"column":1}}},"fnMap":{},"branchMap":{},"s":{"0":0},"f":{},"b":{}}
,"C:\\Users\\10739\\Desktop\\explore-melbourne\\src\\contexts\\LanguageContext.tsx": {"path":"C:\\Users\\10739\\Desktop\\explore-melbourne\\src\\contexts\\LanguageContext.tsx","statementMap":{"0":{"start":{"line":10,"column":24},"end":{"line":10,"column":81}},"1":{"start":{"line":12,"column":73},"end":{"line":54,"column":1}},"2":{"start":{"line":15,"column":34},"end":{"line":15,"column":58}},"3":{"start":{"line":17,"column":2},"end":{"line":28,"column":9}},"4":{"start":{"line":19,"column":26},"end":{"line":19,"column":58}},"5":{"start":{"line":20,"column":4},"end":{"line":27,"column":5}},"6":{"start":{"line":21,"column":6},"end":{"line":21,"column":45}},"7":{"start":{"line":24,"column":26},"end":{"line":24,"column":75}},"8":{"start":{"line":25,"column":6},"end":{"line":25,"column":31}},"9":{"start":{"line":26,"column":6},"end":{"line":26,"column":52}},"10":{"start":{"line":30,"column":2},"end":{"line":32,"column":17}},"11":{"start":{"line":31,"column":4},"end":{"line":31,"column":47}},"12":{"start":{"line":34,"column":12},"end":{"line":47,"column":3}},"13":{"start":{"line":35,"column":17},"end":{"line":35,"column":31}},"14":{"start":{"line":36,"column":21},"end":{"line":36,"column":43}},"15":{"start":{"line":38,"column":4},"end":{"line":44,"column":5}},"16":{"start":{"line":39,"column":6},"end":{"line":43,"column":7}},"17":{"start":{"line":40,"column":8},"end":{"line":40,"column":25}},"18":{"start":{"line":42,"column":8},"end":{"line":42,"column":19}},"19":{"start":{"line":46,"column":4},"end":{"line":46,"column":24}},"20":{"start":{"line":49,"column":2},"end":{"line":53,"column":4}},"21":{"start":{"line":56,"column":27},"end":{"line":62,"column":1}},"22":{"start":{"line":57,"column":18},"end":{"line":57,"column":45}},"23":{"start":{"line":58,"column":2},"end":{"line":60,"column":3}},"24":{"start":{"line":59,"column":4},"end":{"line":59,"column":74}},"25":{"start":{"line":61,"column":2},"end":{"line":61,"column":17}}},"fnMap":{"0":{"name":"(anonymous_0)","decl":{"start":{"line":12,"column":73},"end":{"line":12,"column":74}},"loc":{"start":{"line":14,"column":6},"end":{"line":54,"column":1}},"line":14},"1":{"name":"(anonymous_1)","decl":{"start":{"line":17,"column":12},"end":{"line":17,"column":13}},"loc":{"start":{"line":17,"column":18},"end":{"line":28,"column":3}},"line":17},"2":{"name":"(anonymous_2)","decl":{"start":{"line":30,"column":12},"end":{"line":30,"column":13}},"loc":{"start":{"line":30,"column":18},"end":{"line":32,"column":3}},"line":30},"3":{"name":"(anonymous_3)","decl":{"start":{"line":34,"column":12},"end":{"line":34,"column":13}},"loc":{"start":{"line":34,"column":37},"end":{"line":47,"column":3}},"line":34},"4":{"name":"(anonymous_4)","decl":{"start":{"line":56,"column":27},"end":{"line":56,"column":28}},"loc":{"start":{"line":56,"column":33},"end":{"line":62,"column":1}},"line":56}},"branchMap":{"0":{"loc":{"start":{"line":20,"column":4},"end":{"line":27,"column":5}},"type":"if","locations":[{"start":{"line":20,"column":4},"end":{"line":27,"column":5}},{"start":{"line":22,"column":11},"end":{"line":27,"column":5}}],"line":20},"1":{"loc":{"start":{"line":20,"column":8},"end":{"line":20,"column":75}},"type":"binary-expr","locations":[{"start":{"line":20,"column":8},"end":{"line":20,"column":21}},{"start":{"line":20,"column":26},"end":{"line":20,"column":48}},{"start":{"line":20,"column":52},"end":{"line":20,"column":74}}],"line":20},"2":{"loc":{"start":{"line":24,"column":26},"end":{"line":24,"column":75}},"type":"cond-expr","locations":[{"start":{"line":24,"column":64},"end":{"line":24,"column":68}},{"start":{"line":24,"column":71},"end":{"line":24,"column":75}}],"line":24},"3":{"loc":{"start":{"line":39,"column":6},"end":{"line":43,"column":7}},"type":"if","locations":[{"start":{"line":39,"column":6},"end":{"line":43,"column":7}},{"start":{"line":41,"column":13},"end":{"line":43,"column":7}}],"line":39},"4":{"loc":{"start":{"line":39,"column":10},"end":{"line":39,"column":44}},"type":"binary-expr","locations":[{"start":{"line":39,"column":10},"end":{"line":39,"column":15}},{"start":{"line":39,"column":19},"end":{"line":39,"column":44}}],"line":39},"5":{"loc":{"start":{"line":46,"column":11},"end":{"line":46,"column":23}},"type":"binary-expr","locations":[{"start":{"line":46,"column":11},"end":{"line":46,"column":16}},{"start":{"line":46,"column":20},"end":{"line":46,"column":23}}],"line":46},"6":{"loc":{"start":{"line":58,"column":2},"end":{"line":60,"column":3}},"type":"if","locations":[{"start":{"line":58,"column":2},"end":{"line":60,"column":3}},{"start":{},"end":{}}],"line":58}},"s":{"0":0,"1":0,"2":0,"3":0,"4":0,"5":0,"6":0,"7":0,"8":0,"9":0,"10":0,"11":0,"12":0,"13":0,"14":0,"15":0,"16":0,"17":0,"18":0,"19":0,"20":0,"21":0,"22":0,"23":0,"24":0,"25":0},"f":{"0":0,"1":0,"2":0,"3":0,"4":0},"b":{"0":[0,0],"1":[0,0,0],"2":[0,0],"3":[0,0],"4":[0,0],"5":[0,0],"6":[0,0]}}
,"C:\\Users\\10739\\Desktop\\explore-melbourne\\src\\hooks\\useAppState.ts": {"path":"C:\\Users\\10739\\Desktop\\explore-melbourne\\src\\hooks\\useAppState.ts","statementMap":{"0":{"start":{"line":4,"column":31},"end":{"line":23,"column":1}},"1":{"start":{"line":25,"column":27},"end":{"line":72,"column":1}},"2":{"start":{"line":26,"column":28},"end":{"line":29,"column":4}},"3":{"start":{"line":27,"column":23},"end":{"line":27,"column":55}},"4":{"start":{"line":28,"column":4},"end":{"line":28,"column":62}},"5":{"start":{"line":31,"column":2},"end":{"line":33,"column":14}},"6":{"start":{"line":32,"column":4},"end":{"line":32,"column":60}},"7":{"start":{"line":35,"column":28},"end":{"line":40,"column":3}},"8":{"start":{"line":36,"column":4},"end":{"line":39,"column":8}},"9":{"start":{"line":36,"column":24},"end":{"line":39,"column":5}},"10":{"start":{"line":42,"column":31},"end":{"line":47,"column":3}},"11":{"start":{"line":43,"column":4},"end":{"line":46,"column":8}},"12":{"start":{"line":43,"column":24},"end":{"line":46,"column":5}},"13":{"start":{"line":49,"column":25},"end":{"line":54,"column":3}},"14":{"start":{"line":50,"column":4},"end":{"line":53,"column":8}},"15":{"start":{"line":50,"column":24},"end":{"line":53,"column":5}},"16":{"start":{"line":56,"column":22},"end":{"line":58,"column":3}},"17":{"start":{"line":57,"column":4},"end":{"line":57,"column":48}},"18":{"start":{"line":57,"column":24},"end":{"line":57,"column":45}},"19":{"start":{"line":60,"column":27},"end":{"line":62,"column":3}},"20":{"start":{"line":61,"column":4},"end":{"line":61,"column":62}},"21":{"start":{"line":61,"column":24},"end":{"line":61,"column":59}},"22":{"start":{"line":64,"column":2},"end":{"line":71,"column":4}}},"fnMap":{"0":{"name":"(anonymous_0)","decl":{"start":{"line":25,"column":27},"end":{"line":25,"column":28}},"loc":{"start":{"line":25,"column":33},"end":{"line":72,"column":1}},"line":25},"1":{"name":"(anonymous_1)","decl":{"start":{"line":26,"column":47},"end":{"line":26,"column":48}},"loc":{"start":{"line":26,"column":53},"end":{"line":29,"column":3}},"line":26},"2":{"name":"(anonymous_2)","decl":{"start":{"line":31,"column":12},"end":{"line":31,"column":13}},"loc":{"start":{"line":31,"column":18},"end":{"line":33,"column":3}},"line":31},"3":{"name":"(anonymous_3)","decl":{"start":{"line":35,"column":28},"end":{"line":35,"column":29}},"loc":{"start":{"line":35,"column":67},"end":{"line":40,"column":3}},"line":35},"4":{"name":"(anonymous_4)","decl":{"start":{"line":36,"column":13},"end":{"line":36,"column":14}},"loc":{"start":{"line":36,"column":24},"end":{"line":39,"column":5}},"line":36},"5":{"name":"(anonymous_5)","decl":{"start":{"line":42,"column":31},"end":{"line":42,"column":32}},"loc":{"start":{"line":42,"column":76},"end":{"line":47,"column":3}},"line":42},"6":{"name":"(anonymous_6)","decl":{"start":{"line":43,"column":13},"end":{"line":43,"column":14}},"loc":{"start":{"line":43,"column":24},"end":{"line":46,"column":5}},"line":43},"7":{"name":"(anonymous_7)","decl":{"start":{"line":49,"column":25},"end":{"line":49,"column":26}},"loc":{"start":{"line":49,"column":58},"end":{"line":54,"column":3}},"line":49},"8":{"name":"(anonymous_8)","decl":{"start":{"line":50,"column":13},"end":{"line":50,"column":14}},"loc":{"start":{"line":50,"column":24},"end":{"line":53,"column":5}},"line":50},"9":{"name":"(anonymous_9)","decl":{"start":{"line":56,"column":22},"end":{"line":56,"column":23}},"loc":{"start":{"line":56,"column":49},"end":{"line":58,"column":3}},"line":56},"10":{"name":"(anonymous_10)","decl":{"start":{"line":57,"column":13},"end":{"line":57,"column":14}},"loc":{"start":{"line":57,"column":24},"end":{"line":57,"column":45}},"line":57},"11":{"name":"(anonymous_11)","decl":{"start":{"line":60,"column":27},"end":{"line":60,"column":28}},"loc":{"start":{"line":60,"column":67},"end":{"line":62,"column":3}},"line":60},"12":{"name":"(anonymous_12)","decl":{"start":{"line":61,"column":13},"end":{"line":61,"column":14}},"loc":{"start":{"line":61,"column":24},"end":{"line":61,"column":59}},"line":61}},"branchMap":{"0":{"loc":{"start":{"line":28,"column":11},"end":{"line":28,"column":61}},"type":"cond-expr","locations":[{"start":{"line":28,"column":24},"end":{"line":28,"column":46}},{"start":{"line":28,"column":49},"end":{"line":28,"column":61}}],"line":28}},"s":{"0":0,"1":0,"2":0,"3":0,"4":0,"5":0,"6":0,"7":0,"8":0,"9":0,"10":0,"11":0,"12":0,"13":0,"14":0,"15":0,"16":0,"17":0,"18":0,"19":0,"20":0,"21":0,"22":0},"f":{"0":0,"1":0,"2":0,"3":0,"4":0,"5":0,"6":0,"7":0,"8":0,"9":0,"10":0,"11":0,"12":0},"b":{"0":[0,0]}}
,"C:\\Users\\10739\\Desktop\\explore-melbourne\\src\\hooks\\useFavorites.ts": {"path":"C:\\Users\\10739\\Desktop\\explore-melbourne\\src\\hooks\\useFavorites.ts","statementMap":{"0":{"start":{"line":13,"column":28},"end":{"line":51,"column":1}},"1":{"start":{"line":14,"column":36},"end":{"line":14,"column":68}},"2":{"start":{"line":16,"column":2},"end":{"line":21,"column":9}},"3":{"start":{"line":17,"column":27},"end":{"line":17,"column":68}},"4":{"start":{"line":18,"column":4},"end":{"line":20,"column":5}},"5":{"start":{"line":19,"column":6},"end":{"line":19,"column":47}},"6":{"start":{"line":23,"column":22},"end":{"line":33,"column":3}},"7":{"start":{"line":24,"column":42},"end":{"line":28,"column":5}},"8":{"start":{"line":30,"column":29},"end":{"line":30,"column":56}},"9":{"start":{"line":31,"column":4},"end":{"line":31,"column":35}},"10":{"start":{"line":32,"column":4},"end":{"line":32,"column":80}},"11":{"start":{"line":35,"column":25},"end":{"line":39,"column":3}},"12":{"start":{"line":36,"column":29},"end":{"line":36,"column":67}},"13":{"start":{"line":36,"column":53},"end":{"line":36,"column":66}},"14":{"start":{"line":37,"column":4},"end":{"line":37,"column":35}},"15":{"start":{"line":38,"column":4},"end":{"line":38,"column":80}},"16":{"start":{"line":41,"column":21},"end":{"line":43,"column":3}},"17":{"start":{"line":42,"column":4},"end":{"line":42,"column":69}},"18":{"start":{"line":42,"column":33},"end":{"line":42,"column":67}},"19":{"start":{"line":45,"column":2},"end":{"line":50,"column":4}}},"fnMap":{"0":{"name":"(anonymous_0)","decl":{"start":{"line":13,"column":28},"end":{"line":13,"column":29}},"loc":{"start":{"line":13,"column":34},"end":{"line":51,"column":1}},"line":13},"1":{"name":"(anonymous_1)","decl":{"start":{"line":16,"column":12},"end":{"line":16,"column":13}},"loc":{"start":{"line":16,"column":18},"end":{"line":21,"column":3}},"line":16},"2":{"name":"(anonymous_2)","decl":{"start":{"line":23,"column":22},"end":{"line":23,"column":23}},"loc":{"start":{"line":23,"column":80},"end":{"line":33,"column":3}},"line":23},"3":{"name":"(anonymous_3)","decl":{"start":{"line":35,"column":25},"end":{"line":35,"column":26}},"loc":{"start":{"line":35,"column":41},"end":{"line":39,"column":3}},"line":35},"4":{"name":"(anonymous_4)","decl":{"start":{"line":36,"column":46},"end":{"line":36,"column":47}},"loc":{"start":{"line":36,"column":53},"end":{"line":36,"column":66}},"line":36},"5":{"name":"(anonymous_5)","decl":{"start":{"line":41,"column":21},"end":{"line":41,"column":22}},"loc":{"start":{"line":41,"column":51},"end":{"line":43,"column":3}},"line":41},"6":{"name":"(anonymous_6)","decl":{"start":{"line":42,"column":26},"end":{"line":42,"column":27}},"loc":{"start":{"line":42,"column":33},"end":{"line":42,"column":67}},"line":42}},"branchMap":{"0":{"loc":{"start":{"line":18,"column":4},"end":{"line":20,"column":5}},"type":"if","locations":[{"start":{"line":18,"column":4},"end":{"line":20,"column":5}},{"start":{},"end":{}}],"line":18},"1":{"loc":{"start":{"line":42,"column":33},"end":{"line":42,"column":67}},"type":"binary-expr","locations":[{"start":{"line":42,"column":33},"end":{"line":42,"column":48}},{"start":{"line":42,"column":52},"end":{"line":42,"column":67}}],"line":42}},"s":{"0":0,"1":0,"2":0,"3":0,"4":0,"5":0,"6":0,"7":0,"8":0,"9":0,"10":0,"11":0,"12":0,"13":0,"14":0,"15":0,"16":0,"17":0,"18":0,"19":0},"f":{"0":0,"1":0,"2":0,"3":0,"4":0,"5":0,"6":0},"b":{"0":[0,0],"1":[0,0]}}
,"C:\\Users\\10739\\Desktop\\explore-melbourne\\src\\hooks\\useReviews.ts": {"path":"C:\\Users\\10739\\Desktop\\explore-melbourne\\src\\hooks\\useReviews.ts","statementMap":{"0":{"start":{"line":19,"column":26},"end":{"line":69,"column":1}},"1":{"start":{"line":20,"column":32},"end":{"line":20,"column":54}},"2":{"start":{"line":22,"column":20},"end":{"line":34,"column":8}},"3":{"start":{"line":23,"column":27},"end":{"line":29,"column":5}},"4":{"start":{"line":31,"column":4},"end":{"line":31,"column":58}},"5":{"start":{"line":31,"column":32},"end":{"line":31,"column":56}},"6":{"start":{"line":36,"column":21},"end":{"line":50,"column":8}},"7":{"start":{"line":37,"column":4},"end":{"line":47,"column":6}},"8":{"start":{"line":38,"column":6},"end":{"line":46,"column":7}},"9":{"start":{"line":39,"column":8},"end":{"line":45,"column":18}},"10":{"start":{"line":52,"column":22},"end":{"line":61,"column":15}},"11":{"start":{"line":53,"column":4},"end":{"line":60,"column":5}},"12":{"start":{"line":59,"column":6},"end":{"line":59,"column":54}},"13":{"start":{"line":63,"column":2},"end":{"line":68,"column":4}}},"fnMap":{"0":{"name":"(anonymous_0)","decl":{"start":{"line":19,"column":26},"end":{"line":19,"column":27}},"loc":{"start":{"line":19,"column":47},"end":{"line":69,"column":1}},"line":19},"1":{"name":"(anonymous_1)","decl":{"start":{"line":22,"column":32},"end":{"line":22,"column":33}},"loc":{"start":{"line":22,"column":58},"end":{"line":34,"column":3}},"line":22},"2":{"name":"(anonymous_2)","decl":{"start":{"line":31,"column":15},"end":{"line":31,"column":16}},"loc":{"start":{"line":31,"column":32},"end":{"line":31,"column":56}},"line":31},"3":{"name":"(anonymous_3)","decl":{"start":{"line":36,"column":33},"end":{"line":36,"column":34}},"loc":{"start":{"line":36,"column":55},"end":{"line":50,"column":3}},"line":36},"4":{"name":"(anonymous_4)","decl":{"start":{"line":37,"column":15},"end":{"line":37,"column":16}},"loc":{"start":{"line":38,"column":6},"end":{"line":46,"column":7}},"line":38},"5":{"name":"(anonymous_5)","decl":{"start":{"line":38,"column":22},"end":{"line":38,"column":23}},"loc":{"start":{"line":39,"column":8},"end":{"line":45,"column":18}},"line":39},"6":{"name":"(anonymous_6)","decl":{"start":{"line":52,"column":34},"end":{"line":52,"column":35}},"loc":{"start":{"line":52,"column":46},"end":{"line":61,"column":3}},"line":52}},"branchMap":{"0":{"loc":{"start":{"line":39,"column":8},"end":{"line":45,"column":18}},"type":"cond-expr","locations":[{"start":{"line":40,"column":12},"end":{"line":44,"column":13}},{"start":{"line":45,"column":12},"end":{"line":45,"column":18}}],"line":39},"1":{"loc":{"start":{"line":42,"column":21},"end":{"line":42,"column":75}},"type":"cond-expr","locations":[{"start":{"line":42,"column":40},"end":{"line":42,"column":56}},{"start":{"line":42,"column":59},"end":{"line":42,"column":75}}],"line":42}},"s":{"0":0,"1":0,"2":0,"3":0,"4":0,"5":0,"6":0,"7":0,"8":0,"9":0,"10":0,"11":0,"12":0,"13":0},"f":{"0":0,"1":0,"2":0,"3":0,"4":0,"5":0,"6":0},"b":{"0":[0,0],"1":[0,0]}}
,"C:\\Users\\10739\\Desktop\\explore-melbourne\\src\\pages\\index.tsx": {"path":"C:\\Users\\10739\\Desktop\\explore-melbourne\\src\\pages\\index.tsx","statementMap":{"0":{"start":{"line":16,"column":23},"end":{"line":192,"column":1}},"1":{"start":{"line":17,"column":16},"end":{"line":17,"column":29}},"2":{"start":{"line":18,"column":42},"end":{"line":18,"column":73}},"3":{"start":{"line":19,"column":50},"end":{"line":19,"column":81}},"4":{"start":{"line":20,"column":44},"end":{"line":20,"column":72}},"5":{"start":{"line":21,"column":44},"end":{"line":21,"column":72}},"6":{"start":{"line":22,"column":40},"end":{"line":22,"column":55}},"7":{"start":{"line":23,"column":36},"end":{"line":23,"column":60}},"8":{"start":{"line":24,"column":30},"end":{"line":24,"column":54}},"9":{"start":{"line":25,"column":32},"end":{"line":25,"column":46}},"10":{"start":{"line":26,"column":28},"end":{"line":26,"column":57}},"11":{"start":{"line":28,"column":31},"end":{"line":31,"column":3}},"12":{"start":{"line":29,"column":4},"end":{"line":29,"column":34}},"13":{"start":{"line":30,"column":4},"end":{"line":30,"column":27}},"14":{"start":{"line":33,"column":28},"end":{"line":39,"column":3}},"15":{"start":{"line":34,"column":4},"end":{"line":34,"column":28}},"16":{"start":{"line":35,"column":4},"end":{"line":38,"column":7}},"17":{"start":{"line":41,"column":31},"end":{"line":55,"column":3}},"18":{"start":{"line":42,"column":23},"end":{"line":42,"column":61}},"19":{"start":{"line":42,"column":43},"end":{"line":42,"column":60}},"20":{"start":{"line":43,"column":4},"end":{"line":54,"column":5}},"21":{"start":{"line":44,"column":6},"end":{"line":44,"column":61}},"22":{"start":{"line":44,"column":41},"end":{"line":44,"column":58}},"23":{"start":{"line":46,"column":33},"end":{"line":52,"column":7}},"24":{"start":{"line":53,"column":6},"end":{"line":53,"column":45}},"25":{"start":{"line":57,"column":29},"end":{"line":59,"column":3}},"26":{"start":{"line":58,"column":4},"end":{"line":58,"column":30}},"27":{"start":{"line":61,"column":2},"end":{"line":74,"column":9}},"28":{"start":{"line":62,"column":24},"end":{"line":71,"column":5}},"29":{"start":{"line":63,"column":6},"end":{"line":70,"column":7}},"30":{"start":{"line":64,"column":21},"end":{"line":64,"column":41}},"31":{"start":{"line":65,"column":8},"end":{"line":65,"column":24}},"32":{"start":{"line":67,"column":8},"end":{"line":67,"column":79}},"33":{"start":{"line":69,"column":8},"end":{"line":69,"column":26}},"34":{"start":{"line":73,"column":4},"end":{"line":73,"column":18}},"35":{"start":{"line":76,"column":2},"end":{"line":78,"column":3}},"36":{"start":{"line":77,"column":4},"end":{"line":77,"column":37}},"37":{"start":{"line":80,"column":2},"end":{"line":82,"column":3}},"38":{"start":{"line":81,"column":4},"end":{"line":81,"column":30}},"39":{"start":{"line":84,"column":2},"end":{"line":191,"column":4}},"40":{"start":{"line":100,"column":33},"end":{"line":100,"column":61}},"41":{"start":{"line":110,"column":33},"end":{"line":110,"column":58}},"42":{"start":{"line":125,"column":31},"end":{"line":125,"column":59}},"43":{"start":{"line":145,"column":38},"end":{"line":145,"column":90}},"44":{"start":{"line":146,"column":62},"end":{"line":146,"column":87}},"45":{"start":{"line":162,"column":42},"end":{"line":162,"column":81}},"46":{"start":{"line":174,"column":29},"end":{"line":174,"column":51}},"47":{"start":{"line":175,"column":32},"end":{"line":175,"column":67}},"48":{"start":{"line":176,"column":46},"end":{"line":176,"column":71}}},"fnMap":{"0":{"name":"(anonymous_0)","decl":{"start":{"line":16,"column":23},"end":{"line":16,"column":24}},"loc":{"start":{"line":16,"column":29},"end":{"line":192,"column":1}},"line":16},"1":{"name":"(anonymous_1)","decl":{"start":{"line":28,"column":31},"end":{"line":28,"column":32}},"loc":{"start":{"line":28,"column":55},"end":{"line":31,"column":3}},"line":28},"2":{"name":"(anonymous_2)","decl":{"start":{"line":33,"column":28},"end":{"line":33,"column":29}},"loc":{"start":{"line":33,"column":46},"end":{"line":39,"column":3}},"line":33},"3":{"name":"(anonymous_3)","decl":{"start":{"line":41,"column":31},"end":{"line":41,"column":32}},"loc":{"start":{"line":41,"column":49},"end":{"line":55,"column":3}},"line":41},"4":{"name":"(anonymous_4)","decl":{"start":{"line":42,"column":38},"end":{"line":42,"column":39}},"loc":{"start":{"line":42,"column":43},"end":{"line":42,"column":60}},"line":42},"5":{"name":"(anonymous_5)","decl":{"start":{"line":44,"column":36},"end":{"line":44,"column":37}},"loc":{"start":{"line":44,"column":41},"end":{"line":44,"column":58}},"line":44},"6":{"name":"(anonymous_6)","decl":{"start":{"line":57,"column":29},"end":{"line":57,"column":30}},"loc":{"start":{"line":57,"column":58},"end":{"line":59,"column":3}},"line":57},"7":{"name":"(anonymous_7)","decl":{"start":{"line":61,"column":12},"end":{"line":61,"column":13}},"loc":{"start":{"line":61,"column":18},"end":{"line":74,"column":3}},"line":61},"8":{"name":"(anonymous_8)","decl":{"start":{"line":62,"column":24},"end":{"line":62,"column":25}},"loc":{"start":{"line":62,"column":36},"end":{"line":71,"column":5}},"line":62},"9":{"name":"(anonymous_9)","decl":{"start":{"line":100,"column":27},"end":{"line":100,"column":28}},"loc":{"start":{"line":100,"column":33},"end":{"line":100,"column":61}},"line":100},"10":{"name":"(anonymous_10)","decl":{"start":{"line":110,"column":27},"end":{"line":110,"column":28}},"loc":{"start":{"line":110,"column":33},"end":{"line":110,"column":58}},"line":110},"11":{"name":"(anonymous_11)","decl":{"start":{"line":125,"column":25},"end":{"line":125,"column":26}},"loc":{"start":{"line":125,"column":31},"end":{"line":125,"column":59}},"line":125},"12":{"name":"(anonymous_12)","decl":{"start":{"line":145,"column":32},"end":{"line":145,"column":33}},"loc":{"start":{"line":145,"column":38},"end":{"line":145,"column":90}},"line":145},"13":{"name":"(anonymous_13)","decl":{"start":{"line":146,"column":57},"end":{"line":146,"column":58}},"loc":{"start":{"line":146,"column":62},"end":{"line":146,"column":87}},"line":146},"14":{"name":"(anonymous_14)","decl":{"start":{"line":162,"column":28},"end":{"line":162,"column":29}},"loc":{"start":{"line":162,"column":42},"end":{"line":162,"column":81}},"line":162},"15":{"name":"(anonymous_15)","decl":{"start":{"line":174,"column":23},"end":{"line":174,"column":24}},"loc":{"start":{"line":174,"column":29},"end":{"line":174,"column":51}},"line":174},"16":{"name":"(anonymous_16)","decl":{"start":{"line":175,"column":26},"end":{"line":175,"column":27}},"loc":{"start":{"line":175,"column":32},"end":{"line":175,"column":67}},"line":175},"17":{"name":"(anonymous_17)","decl":{"start":{"line":176,"column":41},"end":{"line":176,"column":42}},"loc":{"start":{"line":176,"column":46},"end":{"line":176,"column":71}},"line":176}},"branchMap":{"0":{"loc":{"start":{"line":43,"column":4},"end":{"line":54,"column":5}},"type":"if","locations":[{"start":{"line":43,"column":4},"end":{"line":54,"column":5}},{"start":{"line":45,"column":11},"end":{"line":54,"column":5}}],"line":43},"1":{"loc":{"start":{"line":67,"column":17},"end":{"line":67,"column":77}},"type":"cond-expr","locations":[{"start":{"line":67,"column":40},"end":{"line":67,"column":51}},{"start":{"line":67,"column":54},"end":{"line":67,"column":77}}],"line":67},"2":{"loc":{"start":{"line":76,"column":2},"end":{"line":78,"column":3}},"type":"if","locations":[{"start":{"line":76,"column":2},"end":{"line":78,"column":3}},{"start":{},"end":{}}],"line":76},"3":{"loc":{"start":{"line":80,"column":2},"end":{"line":82,"column":3}},"type":"if","locations":[{"start":{"line":80,"column":2},"end":{"line":82,"column":3}},{"start":{},"end":{}}],"line":80},"4":{"loc":{"start":{"line":102,"column":22},"end":{"line":104,"column":95}},"type":"cond-expr","locations":[{"start":{"line":103,"column":24},"end":{"line":103,"column":114}},{"start":{"line":104,"column":24},"end":{"line":104,"column":95}}],"line":102},"5":{"loc":{"start":{"line":112,"column":22},"end":{"line":114,"column":95}},"type":"cond-expr","locations":[{"start":{"line":113,"column":24},"end":{"line":113,"column":114}},{"start":{"line":114,"column":24},"end":{"line":114,"column":95}}],"line":112},"6":{"loc":{"start":{"line":128,"column":17},"end":{"line":128,"column":119}},"type":"cond-expr","locations":[{"start":{"line":128,"column":31},"end":{"line":128,"column":72}},{"start":{"line":128,"column":75},"end":{"line":128,"column":119}}],"line":128},"7":{"loc":{"start":{"line":145,"column":38},"end":{"line":145,"column":90}},"type":"binary-expr","locations":[{"start":{"line":145,"column":38},"end":{"line":145,"column":51}},{"start":{"line":145,"column":55},"end":{"line":145,"column":90}}],"line":145},"8":{"loc":{"start":{"line":146,"column":26},"end":{"line":146,"column":96}},"type":"cond-expr","locations":[{"start":{"line":146,"column":42},"end":{"line":146,"column":88}},{"start":{"line":146,"column":91},"end":{"line":146,"column":96}}],"line":146},"9":{"loc":{"start":{"line":152,"column":13},"end":{"line":165,"column":13}},"type":"binary-expr","locations":[{"start":{"line":152,"column":13},"end":{"line":152,"column":24}},{"start":{"line":153,"column":14},"end":{"line":164,"column":27}}],"line":152},"10":{"loc":{"start":{"line":171,"column":11},"end":{"line":187,"column":11}},"type":"cond-expr","locations":[{"start":{"line":172,"column":12},"end":{"line":177,"column":14}},{"start":{"line":179,"column":12},"end":{"line":186,"column":18}}],"line":171}},"s":{"0":0,"1":0,"2":0,"3":0,"4":0,"5":0,"6":0,"7":0,"8":0,"9":0,"10":0,"11":0,"12":0,"13":0,"14":0,"15":0,"16":0,"17":0,"18":0,"19":0,"20":0,"21":0,"22":0,"23":0,"24":0,"25":0,"26":0,"27":0,"28":0,"29":0,"30":0,"31":0,"32":0,"33":0,"34":0,"35":0,"36":0,"37":0,"38":0,"39":0,"40":0,"41":0,"42":0,"43":0,"44":0,"45":0,"46":0,"47":0,"48":0},"f":{"0":0,"1":0,"2":0,"3":0,"4":0,"5":0,"6":0,"7":0,"8":0,"9":0,"10":0,"11":0,"12":0,"13":0,"14":0,"15":0,"16":0,"17":0},"b":{"0":[0,0],"1":[0,0],"2":[0,0],"3":[0,0],"4":[0,0],"5":[0,0],"6":[0,0],"7":[0,0],"8":[0,0],"9":[0,0],"10":[0,0]}}
,"C:\\Users\\10739\\Desktop\\explore-melbourne\\src\\pages\\privacy.tsx": {"path":"C:\\Users\\10739\\Desktop\\explore-melbourne\\src\\pages\\privacy.tsx","statementMap":{"0":{"start":{"line":5,"column":32},"end":{"line":54,"column":1}},"1":{"start":{"line":6,"column":16},"end":{"line":6,"column":29}},"2":{"start":{"line":8,"column":2},"end":{"line":53,"column":4}}},"fnMap":{"0":{"name":"(anonymous_0)","decl":{"start":{"line":5,"column":32},"end":{"line":5,"column":33}},"loc":{"start":{"line":5,"column":38},"end":{"line":54,"column":1}},"line":5}},"branchMap":{},"s":{"0":0,"1":0,"2":0},"f":{"0":0},"b":{}}
,"C:\\Users\\10739\\Desktop\\explore-melbourne\\src\\pages\\api\\cities.ts": {"path":"C:\\Users\\10739\\Desktop\\explore-melbourne\\src\\pages\\api\\cities.ts","statementMap":{"0":{"start":{"line":10,"column":37},"end":{"line":35,"column":1}},"1":{"start":{"line":38,"column":2},"end":{"line":50,"column":3}},"2":{"start":{"line":39,"column":19},"end":{"line":39,"column":41}},"3":{"start":{"line":41,"column":4},"end":{"line":47,"column":5}},"4":{"start":{"line":42,"column":19},"end":{"line":42,"column":33}},"5":{"start":{"line":43,"column":6},"end":{"line":45,"column":7}},"6":{"start":{"line":44,"column":8},"end":{"line":44,"column":42}},"7":{"start":{"line":46,"column":6},"end":{"line":46,"column":63}},"8":{"start":{"line":49,"column":4},"end":{"line":49,"column":55}},"9":{"start":{"line":52,"column":2},"end":{"line":52,"column":63}}},"fnMap":{"0":{"name":"handler","decl":{"start":{"line":37,"column":24},"end":{"line":37,"column":31}},"loc":{"start":{"line":37,"column":75},"end":{"line":53,"column":1}},"line":37}},"branchMap":{"0":{"loc":{"start":{"line":38,"column":2},"end":{"line":50,"column":3}},"type":"if","locations":[{"start":{"line":38,"column":2},"end":{"line":50,"column":3}},{"start":{},"end":{}}],"line":38},"1":{"loc":{"start":{"line":41,"column":4},"end":{"line":47,"column":5}},"type":"if","locations":[{"start":{"line":41,"column":4},"end":{"line":47,"column":5}},{"start":{},"end":{}}],"line":41},"2":{"loc":{"start":{"line":43,"column":6},"end":{"line":45,"column":7}},"type":"if","locations":[{"start":{"line":43,"column":6},"end":{"line":45,"column":7}},{"start":{},"end":{}}],"line":43}},"s":{"0":0,"1":0,"2":0,"3":0,"4":0,"5":0,"6":0,"7":0,"8":0,"9":0},"f":{"0":0},"b":{"0":[0,0],"1":[0,0],"2":[0,0]}}
,"C:\\Users\\10739\\Desktop\\explore-melbourne\\src\\services\\cityService.ts": {"path":"C:\\Users\\10739\\Desktop\\explore-melbourne\\src\\services\\cityService.ts","statementMap":{"0":{"start":{"line":9,"column":19},"end":{"line":9,"column":45}},"1":{"start":{"line":10,"column":2},"end":{"line":12,"column":3}},"2":{"start":{"line":11,"column":4},"end":{"line":11,"column":46}},"3":{"start":{"line":13,"column":2},"end":{"line":13,"column":25}},"4":{"start":{"line":17,"column":19},"end":{"line":17,"column":54}},"5":{"start":{"line":18,"column":2},"end":{"line":20,"column":3}},"6":{"start":{"line":19,"column":4},"end":{"line":19,"column":44}},"7":{"start":{"line":21,"column":2},"end":{"line":21,"column":25}}},"fnMap":{"0":{"name":"getAllCities","decl":{"start":{"line":8,"column":22},"end":{"line":8,"column":34}},"loc":{"start":{"line":8,"column":54},"end":{"line":14,"column":1}},"line":8},"1":{"name":"getCityById","decl":{"start":{"line":16,"column":22},"end":{"line":16,"column":33}},"loc":{"start":{"line":16,"column":61},"end":{"line":22,"column":1}},"line":16}},"branchMap":{"0":{"loc":{"start":{"line":10,"column":2},"end":{"line":12,"column":3}},"type":"if","locations":[{"start":{"line":10,"column":2},"end":{"line":12,"column":3}},{"start":{},"end":{}}],"line":10},"1":{"loc":{"start":{"line":18,"column":2},"end":{"line":20,"column":3}},"type":"if","locations":[{"start":{"line":18,"column":2},"end":{"line":20,"column":3}},{"start":{},"end":{}}],"line":18}},"s":{"0":0,"1":0,"2":0,"3":0,"4":0,"5":0,"6":0,"7":0},"f":{"0":0,"1":0},"b":{"0":[0,0],"1":[0,0]}}
,"C:\\Users\\10739\\Desktop\\explore-melbourne\\src\\types\\index.ts": {"path":"C:\\Users\\10739\\Desktop\\explore-melbourne\\src\\types\\index.ts","statementMap":{},"fnMap":{},"branchMap":{},"s":{},"f":{},"b":{}}
}
